{"name":"ilya kakaet","id":"kakanie;ilya-kakaet","testSteps":[{"number":1,"description":"Given user opens https://www.sberbank.ru/","duration":7789,"startTime":"2021-08-04T11:10:21.683+03:00[Europe/Moscow]","screenshots":[{"screenshot":"4b480107a4e3b071d4c662fa9d41372c4764cdf9aaffa82b27386c0fde51c69d.png","timeStamp":1628064629472}],"result":"SUCCESS","precondition":false,"level":0,"children":[{"number":2,"description":"ilya vpopy","duration":6371,"startTime":"2021-08-04T11:10:22.177+03:00[Europe/Moscow]","screenshots":[{"screenshot":"039a0ccf72cbf353294a9a762b17914d88fb8fb50c62c6a5d75faf44e2879ada.png","timeStamp":1628064628476}],"result":"SUCCESS","precondition":false,"level":1}]},{"number":3,"description":"Given user selects","duration":7352,"startTime":"2021-08-04T11:10:29.492+03:00[Europe/Moscow]","screenshots":[{"screenshot":"4b480107a4e3b071d4c662fa9d41372c4764cdf9aaffa82b27386c0fde51c69d.png","timeStamp":1628064629495}],"exception":{"errorType":"net.thucydides.core.webdriver.exceptions.ElementShouldBeEnabledException","message":"Expected enabled element was not enabled\nBuild info: version: \u00273.141.59\u0027, revision: \u0027e82be7d358\u0027, time: \u00272018-11-14T08:17:03\u0027\nSystem info: host: \u0027DESKTOP-JBM7397\u0027, ip: \u0027192.168.1.64\u0027, os.name: \u0027Windows 10\u0027, os.arch: \u0027amd64\u0027, os.version: \u002710.0\u0027, java.version: \u00271.8.0_275\u0027\nDriver info: driver.version: unknown","stackTrace":[{"declaringClass":"com.framework.pages.MainPage","methodName":"debitCards","fileName":"MainPage.java","lineNumber":7},{"declaringClass":"com.framework.steps.TestSteps","methodName":"debitCard","fileName":"TestSteps.java","lineNumber":19},{"declaringClass":"com.framework.features.TestStepDefinition","methodName":"selectDebitCard","fileName":"TestStepDefinition.java","lineNumber":21},{"declaringClass":"✽","methodName":"user selects","fileName":"file:///D:/SerenityAutoTest/src/test/resources/features/test.feature","lineNumber":5}]},"result":"FAILURE","precondition":false,"level":0,"children":[{"number":4,"description":"debit card","duration":7312,"startTime":"2021-08-04T11:10:29.497+03:00[Europe/Moscow]","screenshots":[{"screenshot":"6d711f69a9d479a6619ef30ab9efaabb1cc26bccb9bd2b4e47027a2a84108cd3.png","htmlSource":"pagesource1550039121336085986.html.txt","timeStamp":1628064636794}],"exception":{"errorType":"net.thucydides.core.webdriver.exceptions.ElementShouldBeEnabledException","message":"Expected enabled element was not enabled","stackTrace":[{"declaringClass":"com.framework.pages.MainPage","methodName":"debitCards","fileName":"MainPage.java","lineNumber":7},{"declaringClass":"com.framework.steps.TestSteps","methodName":"debitCard","fileName":"TestSteps.java","lineNumber":19},{"declaringClass":"com.framework.features.TestStepDefinition","methodName":"selectDebitCard","fileName":"TestStepDefinition.java","lineNumber":21},{"declaringClass":"io.cucumber.java.Invoker","methodName":"doInvoke","fileName":"Invoker.java","lineNumber":66},{"declaringClass":"io.cucumber.java.Invoker","methodName":"invoke","fileName":"Invoker.java","lineNumber":24},{"declaringClass":"io.cucumber.java.AbstractGlueDefinition","methodName":"invokeMethod","fileName":"AbstractGlueDefinition.java","lineNumber":47},{"declaringClass":"io.cucumber.java.JavaStepDefinition","methodName":"execute","fileName":"JavaStepDefinition.java","lineNumber":29},{"declaringClass":"io.cucumber.core.runner.CoreStepDefinition","methodName":"execute","fileName":"CoreStepDefinition.java","lineNumber":66},{"declaringClass":"io.cucumber.core.runner.PickleStepDefinitionMatch","methodName":"runStep","fileName":"PickleStepDefinitionMatch.java","lineNumber":63},{"declaringClass":"io.cucumber.core.runner.TestStep","methodName":"executeStep","fileName":"TestStep.java","lineNumber":92},{"declaringClass":"io.cucumber.core.runner.TestStep","methodName":"run","fileName":"TestStep.java","lineNumber":64},{"declaringClass":"io.cucumber.core.runner.PickleStepTestStep","methodName":"run","fileName":"PickleStepTestStep.java","lineNumber":51},{"declaringClass":"io.cucumber.core.runner.TestCase","methodName":"run","fileName":"TestCase.java","lineNumber":104},{"declaringClass":"io.cucumber.core.runner.Runner","methodName":"runPickle","fileName":"Runner.java","lineNumber":73},{"declaringClass":"io.cucumber.core.runtime.Runtime","methodName":"lambda$execute$5","fileName":"Runtime.java","lineNumber":110},{"declaringClass":"io.cucumber.core.runtime.CucumberExecutionContext","methodName":"runTestCase","fileName":"CucumberExecutionContext.java","lineNumber":117},{"declaringClass":"io.cucumber.core.runtime.Runtime","methodName":"lambda$execute$6","fileName":"Runtime.java","lineNumber":110},{"declaringClass":"io.cucumber.core.runtime.Runtime","methodName":"lambda$run$2","fileName":"Runtime.java","lineNumber":86},{"declaringClass":"io.cucumber.core.runtime.Runtime","methodName":"run","fileName":"Runtime.java","lineNumber":87}],"rootCause":{"errorType":"org.openqa.selenium.TimeoutException","message":"Expected condition failed: waiting for By.xpath: //p[text()\u003d\u0027Дебетовые карты\u0027] to be enabled (tried for 5 second(s) with 100 milliseconds interval)","stackTrace":[{"declaringClass":"com.framework.pages.MainPage","methodName":"debitCards","fileName":"MainPage.java","lineNumber":7},{"declaringClass":"com.framework.steps.TestSteps","methodName":"debitCard","fileName":"TestSteps.java","lineNumber":19},{"declaringClass":"com.framework.features.TestStepDefinition","methodName":"selectDebitCard","fileName":"TestStepDefinition.java","lineNumber":21},{"declaringClass":"io.cucumber.java.Invoker","methodName":"doInvoke","fileName":"Invoker.java","lineNumber":66},{"declaringClass":"io.cucumber.java.Invoker","methodName":"invoke","fileName":"Invoker.java","lineNumber":24},{"declaringClass":"io.cucumber.java.AbstractGlueDefinition","methodName":"invokeMethod","fileName":"AbstractGlueDefinition.java","lineNumber":47},{"declaringClass":"io.cucumber.java.JavaStepDefinition","methodName":"execute","fileName":"JavaStepDefinition.java","lineNumber":29},{"declaringClass":"io.cucumber.core.runner.CoreStepDefinition","methodName":"execute","fileName":"CoreStepDefinition.java","lineNumber":66},{"declaringClass":"io.cucumber.core.runner.PickleStepDefinitionMatch","methodName":"runStep","fileName":"PickleStepDefinitionMatch.java","lineNumber":63},{"declaringClass":"io.cucumber.core.runner.TestStep","methodName":"executeStep","fileName":"TestStep.java","lineNumber":92},{"declaringClass":"io.cucumber.core.runner.TestStep","methodName":"run","fileName":"TestStep.java","lineNumber":64},{"declaringClass":"io.cucumber.core.runner.PickleStepTestStep","methodName":"run","fileName":"PickleStepTestStep.java","lineNumber":51},{"declaringClass":"io.cucumber.core.runner.TestCase","methodName":"run","fileName":"TestCase.java","lineNumber":104},{"declaringClass":"io.cucumber.core.runner.Runner","methodName":"runPickle","fileName":"Runner.java","lineNumber":73},{"declaringClass":"io.cucumber.core.runtime.Runtime","methodName":"lambda$execute$5","fileName":"Runtime.java","lineNumber":110},{"declaringClass":"io.cucumber.core.runtime.CucumberExecutionContext","methodName":"runTestCase","fileName":"CucumberExecutionContext.java","lineNumber":117},{"declaringClass":"io.cucumber.core.runtime.Runtime","methodName":"lambda$execute$6","fileName":"Runtime.java","lineNumber":110},{"declaringClass":"io.cucumber.core.runtime.Runtime","methodName":"lambda$run$2","fileName":"Runtime.java","lineNumber":86},{"declaringClass":"io.cucumber.core.runtime.Runtime","methodName":"run","fileName":"Runtime.java","lineNumber":87}],"rootCause":{"errorType":"org.openqa.selenium.NoSuchElementException","message":"no such element: Unable to locate element: {\"method\":\"xpath\",\"selector\":\"//p[text()\u003d\u0027Дебетовые карты\u0027]\"}\n  (Session info: chrome\u003d92.0.4515.131)\nFor documentation on this error, please visit: https://www.seleniumhq.org/exceptions/no_such_element.html\nBuild info: version: \u00273.141.59\u0027, revision: \u0027e82be7d358\u0027, time: \u00272018-11-14T08:17:03\u0027\nSystem info: host: \u0027DESKTOP-JBM7397\u0027, ip: \u0027192.168.1.64\u0027, os.name: \u0027Windows 10\u0027, os.arch: \u0027amd64\u0027, os.version: \u002710.0\u0027, java.version: \u00271.8.0_275\u0027\nDriver info: org.openqa.selenium.chrome.ChromeDriver\nCapabilities {acceptInsecureCerts: false, browserName: chrome, browserVersion: 92.0.4515.131, chrome: {chromedriverVersion: 92.0.4515.107 (87a818b10553..., userDataDir: C:\\Users\\2E86~1\\AppData\\Loc...}, goog:chromeOptions: {debuggerAddress: localhost:55035}, javascriptEnabled: true, networkConnectionEnabled: false, pageLoadStrategy: normal, platform: WINDOWS, platformName: WINDOWS, proxy: Proxy(), setWindowRect: true, strictFileInteractability: false, timeouts: {implicit: 0, pageLoad: 300000, script: 30000}, unhandledPromptBehavior: dismiss and notify, webauthn:extension:credBlob: true, webauthn:extension:largeBlob: true, webauthn:virtualAuthenticators: true}\nSession ID: bbb3f74599a1e6c2852fc53407814003\n*** Element info: {Using\u003dxpath, value\u003d//p[text()\u003d\u0027Дебетовые карты\u0027]}","stackTrace":[{"declaringClass":"com.framework.pages.MainPage","methodName":"debitCards","fileName":"MainPage.java","lineNumber":7},{"declaringClass":"com.framework.steps.TestSteps","methodName":"debitCard","fileName":"TestSteps.java","lineNumber":19},{"declaringClass":"com.framework.features.TestStepDefinition","methodName":"selectDebitCard","fileName":"TestStepDefinition.java","lineNumber":21},{"declaringClass":"io.cucumber.java.Invoker","methodName":"doInvoke","fileName":"Invoker.java","lineNumber":66},{"declaringClass":"io.cucumber.java.Invoker","methodName":"invoke","fileName":"Invoker.java","lineNumber":24},{"declaringClass":"io.cucumber.java.AbstractGlueDefinition","methodName":"invokeMethod","fileName":"AbstractGlueDefinition.java","lineNumber":47},{"declaringClass":"io.cucumber.java.JavaStepDefinition","methodName":"execute","fileName":"JavaStepDefinition.java","lineNumber":29},{"declaringClass":"io.cucumber.core.runner.CoreStepDefinition","methodName":"execute","fileName":"CoreStepDefinition.java","lineNumber":66},{"declaringClass":"io.cucumber.core.runner.PickleStepDefinitionMatch","methodName":"runStep","fileName":"PickleStepDefinitionMatch.java","lineNumber":63},{"declaringClass":"io.cucumber.core.runner.TestStep","methodName":"executeStep","fileName":"TestStep.java","lineNumber":92},{"declaringClass":"io.cucumber.core.runner.TestStep","methodName":"run","fileName":"TestStep.java","lineNumber":64},{"declaringClass":"io.cucumber.core.runner.PickleStepTestStep","methodName":"run","fileName":"PickleStepTestStep.java","lineNumber":51},{"declaringClass":"io.cucumber.core.runner.TestCase","methodName":"run","fileName":"TestCase.java","lineNumber":104},{"declaringClass":"io.cucumber.core.runner.Runner","methodName":"runPickle","fileName":"Runner.java","lineNumber":73},{"declaringClass":"io.cucumber.core.runtime.Runtime","methodName":"lambda$execute$5","fileName":"Runtime.java","lineNumber":110},{"declaringClass":"io.cucumber.core.runtime.CucumberExecutionContext","methodName":"runTestCase","fileName":"CucumberExecutionContext.java","lineNumber":117},{"declaringClass":"io.cucumber.core.runtime.Runtime","methodName":"lambda$execute$6","fileName":"Runtime.java","lineNumber":110},{"declaringClass":"io.cucumber.core.runtime.Runtime","methodName":"lambda$run$2","fileName":"Runtime.java","lineNumber":86},{"declaringClass":"io.cucumber.core.runtime.Runtime","methodName":"run","fileName":"Runtime.java","lineNumber":87}]}}},"result":"FAILURE","precondition":false,"level":1}]}],"userStory":{"id":"kakanie","storyName":"kakanie","path":"file:///D:/SerenityAutoTest/src/test/resources/features/test.feature","type":"feature"},"featureTag":{"name":"Features/kakanie","type":"feature","displayName":"Features/kakanie"},"title":"ilya kakaet","description":"","tags":[{"name":"kakanie","type":"feature","displayName":"kakanie"}],"startTime":"2021-08-04T11:10:21.531+03:00[Europe/Moscow]","duration":15323,"testFailureCause":{"errorType":"net.thucydides.core.webdriver.exceptions.ElementShouldBeEnabledException","message":"Expected enabled element was not enabled","stackTrace":[{"declaringClass":"com.framework.pages.MainPage","methodName":"debitCards","fileName":"MainPage.java","lineNumber":7},{"declaringClass":"com.framework.steps.TestSteps","methodName":"debitCard","fileName":"TestSteps.java","lineNumber":19},{"declaringClass":"com.framework.features.TestStepDefinition","methodName":"selectDebitCard","fileName":"TestStepDefinition.java","lineNumber":21},{"declaringClass":"io.cucumber.java.Invoker","methodName":"doInvoke","fileName":"Invoker.java","lineNumber":66},{"declaringClass":"io.cucumber.java.Invoker","methodName":"invoke","fileName":"Invoker.java","lineNumber":24},{"declaringClass":"io.cucumber.java.AbstractGlueDefinition","methodName":"invokeMethod","fileName":"AbstractGlueDefinition.java","lineNumber":47},{"declaringClass":"io.cucumber.java.JavaStepDefinition","methodName":"execute","fileName":"JavaStepDefinition.java","lineNumber":29},{"declaringClass":"io.cucumber.core.runner.CoreStepDefinition","methodName":"execute","fileName":"CoreStepDefinition.java","lineNumber":66},{"declaringClass":"io.cucumber.core.runner.PickleStepDefinitionMatch","methodName":"runStep","fileName":"PickleStepDefinitionMatch.java","lineNumber":63},{"declaringClass":"io.cucumber.core.runner.TestStep","methodName":"executeStep","fileName":"TestStep.java","lineNumber":92},{"declaringClass":"io.cucumber.core.runner.TestStep","methodName":"run","fileName":"TestStep.java","lineNumber":64},{"declaringClass":"io.cucumber.core.runner.PickleStepTestStep","methodName":"run","fileName":"PickleStepTestStep.java","lineNumber":51},{"declaringClass":"io.cucumber.core.runner.TestCase","methodName":"run","fileName":"TestCase.java","lineNumber":104},{"declaringClass":"io.cucumber.core.runner.Runner","methodName":"runPickle","fileName":"Runner.java","lineNumber":73},{"declaringClass":"io.cucumber.core.runtime.Runtime","methodName":"lambda$execute$5","fileName":"Runtime.java","lineNumber":110},{"declaringClass":"io.cucumber.core.runtime.CucumberExecutionContext","methodName":"runTestCase","fileName":"CucumberExecutionContext.java","lineNumber":117},{"declaringClass":"io.cucumber.core.runtime.Runtime","methodName":"lambda$execute$6","fileName":"Runtime.java","lineNumber":110},{"declaringClass":"io.cucumber.core.runtime.Runtime","methodName":"lambda$run$2","fileName":"Runtime.java","lineNumber":86},{"declaringClass":"io.cucumber.core.runtime.Runtime","methodName":"run","fileName":"Runtime.java","lineNumber":87}],"rootCause":{"errorType":"org.openqa.selenium.TimeoutException","message":"Expected condition failed: waiting for By.xpath: //p[text()\u003d\u0027Дебетовые карты\u0027] to be enabled (tried for 5 second(s) with 100 milliseconds interval)","stackTrace":[{"declaringClass":"com.framework.pages.MainPage","methodName":"debitCards","fileName":"MainPage.java","lineNumber":7},{"declaringClass":"com.framework.steps.TestSteps","methodName":"debitCard","fileName":"TestSteps.java","lineNumber":19},{"declaringClass":"com.framework.features.TestStepDefinition","methodName":"selectDebitCard","fileName":"TestStepDefinition.java","lineNumber":21},{"declaringClass":"io.cucumber.java.Invoker","methodName":"doInvoke","fileName":"Invoker.java","lineNumber":66},{"declaringClass":"io.cucumber.java.Invoker","methodName":"invoke","fileName":"Invoker.java","lineNumber":24},{"declaringClass":"io.cucumber.java.AbstractGlueDefinition","methodName":"invokeMethod","fileName":"AbstractGlueDefinition.java","lineNumber":47},{"declaringClass":"io.cucumber.java.JavaStepDefinition","methodName":"execute","fileName":"JavaStepDefinition.java","lineNumber":29},{"declaringClass":"io.cucumber.core.runner.CoreStepDefinition","methodName":"execute","fileName":"CoreStepDefinition.java","lineNumber":66},{"declaringClass":"io.cucumber.core.runner.PickleStepDefinitionMatch","methodName":"runStep","fileName":"PickleStepDefinitionMatch.java","lineNumber":63},{"declaringClass":"io.cucumber.core.runner.TestStep","methodName":"executeStep","fileName":"TestStep.java","lineNumber":92},{"declaringClass":"io.cucumber.core.runner.TestStep","methodName":"run","fileName":"TestStep.java","lineNumber":64},{"declaringClass":"io.cucumber.core.runner.PickleStepTestStep","methodName":"run","fileName":"PickleStepTestStep.java","lineNumber":51},{"declaringClass":"io.cucumber.core.runner.TestCase","methodName":"run","fileName":"TestCase.java","lineNumber":104},{"declaringClass":"io.cucumber.core.runner.Runner","methodName":"runPickle","fileName":"Runner.java","lineNumber":73},{"declaringClass":"io.cucumber.core.runtime.Runtime","methodName":"lambda$execute$5","fileName":"Runtime.java","lineNumber":110},{"declaringClass":"io.cucumber.core.runtime.CucumberExecutionContext","methodName":"runTestCase","fileName":"CucumberExecutionContext.java","lineNumber":117},{"declaringClass":"io.cucumber.core.runtime.Runtime","methodName":"lambda$execute$6","fileName":"Runtime.java","lineNumber":110},{"declaringClass":"io.cucumber.core.runtime.Runtime","methodName":"lambda$run$2","fileName":"Runtime.java","lineNumber":86},{"declaringClass":"io.cucumber.core.runtime.Runtime","methodName":"run","fileName":"Runtime.java","lineNumber":87}],"rootCause":{"errorType":"org.openqa.selenium.NoSuchElementException","message":"no such element: Unable to locate element: {\"method\":\"xpath\",\"selector\":\"//p[text()\u003d\u0027Дебетовые карты\u0027]\"}\n  (Session info: chrome\u003d92.0.4515.131)\nFor documentation on this error, please visit: https://www.seleniumhq.org/exceptions/no_such_element.html\nBuild info: version: \u00273.141.59\u0027, revision: \u0027e82be7d358\u0027, time: \u00272018-11-14T08:17:03\u0027\nSystem info: host: \u0027DESKTOP-JBM7397\u0027, ip: \u0027192.168.1.64\u0027, os.name: \u0027Windows 10\u0027, os.arch: \u0027amd64\u0027, os.version: \u002710.0\u0027, java.version: \u00271.8.0_275\u0027\nDriver info: org.openqa.selenium.chrome.ChromeDriver\nCapabilities {acceptInsecureCerts: false, browserName: chrome, browserVersion: 92.0.4515.131, chrome: {chromedriverVersion: 92.0.4515.107 (87a818b10553..., userDataDir: C:\\Users\\2E86~1\\AppData\\Loc...}, goog:chromeOptions: {debuggerAddress: localhost:55035}, javascriptEnabled: true, networkConnectionEnabled: false, pageLoadStrategy: normal, platform: WINDOWS, platformName: WINDOWS, proxy: Proxy(), setWindowRect: true, strictFileInteractability: false, timeouts: {implicit: 0, pageLoad: 300000, script: 30000}, unhandledPromptBehavior: dismiss and notify, webauthn:extension:credBlob: true, webauthn:extension:largeBlob: true, webauthn:virtualAuthenticators: true}\nSession ID: bbb3f74599a1e6c2852fc53407814003\n*** Element info: {Using\u003dxpath, value\u003d//p[text()\u003d\u0027Дебетовые карты\u0027]}","stackTrace":[{"declaringClass":"com.framework.pages.MainPage","methodName":"debitCards","fileName":"MainPage.java","lineNumber":7},{"declaringClass":"com.framework.steps.TestSteps","methodName":"debitCard","fileName":"TestSteps.java","lineNumber":19},{"declaringClass":"com.framework.features.TestStepDefinition","methodName":"selectDebitCard","fileName":"TestStepDefinition.java","lineNumber":21},{"declaringClass":"io.cucumber.java.Invoker","methodName":"doInvoke","fileName":"Invoker.java","lineNumber":66},{"declaringClass":"io.cucumber.java.Invoker","methodName":"invoke","fileName":"Invoker.java","lineNumber":24},{"declaringClass":"io.cucumber.java.AbstractGlueDefinition","methodName":"invokeMethod","fileName":"AbstractGlueDefinition.java","lineNumber":47},{"declaringClass":"io.cucumber.java.JavaStepDefinition","methodName":"execute","fileName":"JavaStepDefinition.java","lineNumber":29},{"declaringClass":"io.cucumber.core.runner.CoreStepDefinition","methodName":"execute","fileName":"CoreStepDefinition.java","lineNumber":66},{"declaringClass":"io.cucumber.core.runner.PickleStepDefinitionMatch","methodName":"runStep","fileName":"PickleStepDefinitionMatch.java","lineNumber":63},{"declaringClass":"io.cucumber.core.runner.TestStep","methodName":"executeStep","fileName":"TestStep.java","lineNumber":92},{"declaringClass":"io.cucumber.core.runner.TestStep","methodName":"run","fileName":"TestStep.java","lineNumber":64},{"declaringClass":"io.cucumber.core.runner.PickleStepTestStep","methodName":"run","fileName":"PickleStepTestStep.java","lineNumber":51},{"declaringClass":"io.cucumber.core.runner.TestCase","methodName":"run","fileName":"TestCase.java","lineNumber":104},{"declaringClass":"io.cucumber.core.runner.Runner","methodName":"runPickle","fileName":"Runner.java","lineNumber":73},{"declaringClass":"io.cucumber.core.runtime.Runtime","methodName":"lambda$execute$5","fileName":"Runtime.java","lineNumber":110},{"declaringClass":"io.cucumber.core.runtime.CucumberExecutionContext","methodName":"runTestCase","fileName":"CucumberExecutionContext.java","lineNumber":117},{"declaringClass":"io.cucumber.core.runtime.Runtime","methodName":"lambda$execute$6","fileName":"Runtime.java","lineNumber":110},{"declaringClass":"io.cucumber.core.runtime.Runtime","methodName":"lambda$run$2","fileName":"Runtime.java","lineNumber":86},{"declaringClass":"io.cucumber.core.runtime.Runtime","methodName":"run","fileName":"Runtime.java","lineNumber":87}]}}},"testFailureClassname":"net.thucydides.core.webdriver.exceptions.ElementShouldBeEnabledException","testFailureMessage":"Expected enabled element was not enabled","testFailureSummary":"FAILURE;net.thucydides.core.webdriver.exceptions.ElementShouldBeEnabledException;Expected enabled element was not enabled;MainPage.java","projectKey":"","annotatedResult":"FAILURE","sessionId":"bbb3f74599a1e6c2852fc53407814003","driver":"provided","isManualTestingUpToDate":false,"manual":false,"testSource":"Cucumber","result":"FAILURE"}